<?xml version="1.0" encoding="UTF-8"?>
<testng-results total="1" passed="1" failed="0" skipped="0">
  <reporter-output>
  </reporter-output>
  <suite started-at="2022-08-06T07:18:52Z" name="Suite" finished-at="2022-08-06T07:18:52Z" duration-ms="33">
    <groups>
    </groups>
    <test started-at="2022-08-06T07:18:52Z" name="Test" finished-at="2022-08-06T07:18:52Z" duration-ms="33">
      <class name="pkg1.Class1">
        <test-method signature="testCase1()[pri:0, instance:pkg1.Class1@51acdf2e]" started-at="2022-08-06T12:48:52Z" name="testCase1" finished-at="2022-08-06T12:48:52Z" duration-ms="18" status="PASS">
          <reporter-output>
          </reporter-output>
        </test-method> <!-- testCase1 -->
      </class> <!-- pkg1.Class1 -->
    </test> <!-- Test -->
  </suite> <!-- Suite -->
</testng-results>
